<?xml version="1.0" encoding="UTF-8"?>
<!-- Generated by org.testng.reporters.JUnitReportReporter -->
<testsuite hostname="SAG-3HXQKG3" failures="0" tests="2" name="LoginTestcase.Test4" time="20.497" errors="0" timestamp="2024-02-21T20:49:30 IST" skipped="0">
  <testcase classname="LoginTestcase.Test4" name="Homepage" time="2.817"/>
  <testcase classname="LoginTestcase.Test4" name="flightSCheck" time="17.680"/>
</testsuite> <!-- LoginTestcase.Test4 -->
