<?xml version="1.0" encoding="UTF-8"?>
<!-- Generated by org.testng.reporters.JUnitReportReporter -->
<testsuite hostname="SAG-3HXQKG3" failures="0" tests="2" name="LoginTestcase.Test3" time="20.560" errors="0" timestamp="2024-02-24T21:07:20 IST" skipped="0">
  <testcase classname="LoginTestcase.Test3" name="Homepage" time="2.698"/>
  <testcase classname="LoginTestcase.Test3" name="flightSCheck" time="17.862"/>
</testsuite> <!-- LoginTestcase.Test3 -->
