<?xml version="1.0" encoding="UTF-8"?>
<!-- Generated by org.testng.reporters.JUnitReportReporter -->
<testsuite hostname="SAG-3HXQKG3" failures="0" tests="2" name="LoginTestcase.Parallel4" time="117.500" errors="0" timestamp="2024-02-25T13:44:54 IST" skipped="0">
  <testcase classname="LoginTestcase.Parallel4" name="Homepage" time="2.573"/>
  <testcase classname="LoginTestcase.Parallel4" name="flightSCheck" time="114.927"/>
</testsuite> <!-- LoginTestcase.Parallel4 -->
