<?xml version="1.0" encoding="UTF-8"?>
<!-- Generated by org.testng.reporters.JUnitReportReporter -->
<testsuite hostname="SAG-3HXQKG3" failures="0" tests="2" name="LoginTestcase.Test1" time="18.063" errors="0" timestamp="2024-02-25T12:31:22 IST" skipped="0">
  <testcase classname="LoginTestcase.Test1" name="Homepage" time="2.335"/>
  <testcase classname="LoginTestcase.Test1" name="flightSCheck" time="15.728"/>
</testsuite> <!-- LoginTestcase.Test1 -->
