<?xml version="1.0" encoding="UTF-8"?>
<!-- Generated by org.testng.reporters.JUnitReportReporter -->
<testsuite hostname="SAG-3HXQKG3" failures="0" tests="1" name="LoginTestcase.Testcase2" time="0.504" errors="0" timestamp="2024-02-11T22:14:30 IST" skipped="0">
  <testcase classname="LoginTestcase.Testcase2" name="loginAsBankManager" time="0.504"/>
</testsuite> <!-- LoginTestcase.Testcase2 -->
