<?xml version="1.0" encoding="UTF-8"?>
<!-- Generated by org.testng.reporters.JUnitReportReporter -->
<testsuite hostname="SAG-3HXQKG3" failures="0" tests="2" name="com.jdbcConnection.HashMapToXcel" time="175.715" errors="0" timestamp="2024-02-11T18:23:02 IST" skipped="0">
  <testcase classname="com.jdbcConnection.HashMapToXcel" name="hashMapToExcelSheet" time="0.442"/>
  <testcase classname="com.jdbcConnection.HashMapToXcel" name="excelToHashMap" time="175.273"/>
</testsuite> <!-- com.jdbcConnection.HashMapToXcel -->
