<?xml version="1.0" encoding="UTF-8"?>
<!-- Generated by org.testng.reporters.JUnitReportReporter -->
<testsuite hostname="SAG-3HXQKG3" failures="0" tests="2" name="com.TestCases.TestCase1" time="0.070" errors="0" timestamp="2023-11-22T21:38:22 IST" skipped="0">
  <testcase classname="com.TestCases.TestCase1" name="test1" time="0.010"/>
  <testcase classname="com.TestCases.TestCase1" name="test2" time="0.060"/>
</testsuite> <!-- com.TestCases.TestCase1 -->
