<?xml version="1.0" encoding="UTF-8"?>
<!-- Generated by org.testng.reporters.JUnitReportReporter -->
<testsuite hostname="SAG-3HXQKG3" failures="0" tests="1" name="testCases.Example2" time="21.831" errors="0" timestamp="2024-05-28T18:01:11 IST" skipped="0">
  <testcase classname="testCases.Example2" name="tearUp" time="21.831"/>
</testsuite> <!-- testCases.Example2 -->
