<?xml version="1.0" encoding="UTF-8"?>
<!-- Generated by org.testng.reporters.JUnitReportReporter -->
<testsuite hostname="SAG-3HXQKG3" failures="0" tests="2" name="api.testcase.Usertestcase" time="5.552" errors="0" timestamp="2024-03-10T07:39:36 IST" skipped="0">
  <testcase classname="api.testcase.Usertestcase" name="testpostUSer" time="3.896"/>
  <testcase classname="api.testcase.Usertestcase" name="testGetUSer" time="1.656"/>
</testsuite> <!-- api.testcase.Usertestcase -->
