<?xml version="1.0" encoding="UTF-8"?>
<!-- Generated by org.testng.reporters.JUnitReportReporter -->
<testsuite hostname="SAG-3HXQKG3" failures="0" tests="1" name="api.endpoints.Oauth2Authentication" time="4.293" errors="0" timestamp="2024-03-31T10:07:32 IST" skipped="0">
  <testcase classname="api.endpoints.Oauth2Authentication" name="oauth2Demo" time="4.293"/>
</testsuite> <!-- api.endpoints.Oauth2Authentication -->
