<?xml version="1.0" encoding="UTF-8"?>
<!-- Generated by org.testng.reporters.JUnitReportReporter -->
<testsuite hostname="SAG-3HXQKG3" failures="0" tests="4" name="com.testcase.FirstTestcase" time="6.177" errors="0" timestamp="2024-03-01T15:26:37 IST" skipped="0">
  <testcase classname="com.testcase.FirstTestcase" name="createBooking" time="2.554"/>
  <testcase classname="com.testcase.FirstTestcase" name="updateBooking" time="1.252"/>
  <testcase classname="com.testcase.FirstTestcase" name="partialupdate" time="1.192"/>
  <testcase classname="com.testcase.FirstTestcase" name="deleteBooking" time="1.179"/>
</testsuite> <!-- com.testcase.FirstTestcase -->
